<?xml version="1.0" encoding="UTF-8"?>
<testsuite xmlns:xsi="http://www.w3.org/2001/XMLSchema-instance" xsi:noNamespaceSchemaLocation="https://maven.apache.org/surefire/maven-surefire-plugin/xsd/surefire-test-report-3.0.xsd" version="3.0" name="com.youtube.crud.CrudApplicationTests" time="13.32" tests="1" errors="0" skipped="0" failures="0">
  <properties>
[...]
</properties>
  <testcase name="contextLoads" classname="com.youtube.crud.CrudApplicationTests" time="0.971">
    <system-out><![CDATA[22:54:26.371 [main] INFO org.springframework.test.context.support.AnnotationConfigContextLoaderUtils -- Could not detect default configuration classes for test class [com.youtube.crud.CrudApplicationTests]: CrudApplicationTests does not declare any static, non-private, non-final, nested classes annotated with @Configuration.
22:54:26.553 [main] INFO org.springframework.boot.test.context.SpringBootTestContextBootstrapper -- Found @SpringBootConfiguration com.youtube.crud.CrudApplication for test class com.youtube.crud.CrudApplicationTests

  .   ____          _            __ _ _
 /\\ / ___'_ __ _ _(_)_ __  __ _ \ \ \ \
( ( )\___ | '_ | '_| | '_ \/ _` | \ \ \ \
 \\/  ___)| |_)| | | | | || (_| |  ) ) ) )
  '  |____| .__|_| |_|_| |_\__, | / / / /
 =========|_|==============|___/=/_/_/_/
 :: Spring Boot ::                (v3.1.3)

2025-05-23T22:54:27.244+05:30  INFO 49642 --- [           main] com.youtube.crud.CrudApplicationTests    : Starting CrudApplicationTests using Java 17.0.14 with PID 49642 (started by varad in /Users/varad/Learn Programming Yourself/Application Code/crud-spring3-services)
2025-05-23T22:54:27.246+05:30  INFO 49642 --- [           main] com.youtube.crud.CrudApplicationTests    : No active profile set, falling back to 1 default profile: "default"
2025-05-23T22:54:28.857+05:30  INFO 49642 --- [           main] .s.d.r.c.RepositoryConfigurationDelegate : Bootstrapping Spring Data JPA repositories in DEFAULT mode.
2025-05-23T22:54:28.951+05:30  INFO 49642 --- [           main] .s.d.r.c.RepositoryConfigurationDelegate : Finished Spring Data repository scanning in 86 ms. Found 1 JPA repository interfaces.
2025-05-23T22:54:30.108+05:30  INFO 49642 --- [           main] o.hibernate.jpa.internal.util.LogHelper  : HHH000204: Processing PersistenceUnitInfo [name: default]
2025-05-23T22:54:30.167+05:30  INFO 49642 --- [           main] org.hibernate.Version                    : HHH000412: Hibernate ORM core version 6.2.7.Final
2025-05-23T22:54:30.170+05:30  INFO 49642 --- [           main] org.hibernate.cfg.Environment            : HHH000406: Using bytecode reflection optimizer
2025-05-23T22:54:30.335+05:30  INFO 49642 --- [           main] o.h.b.i.BytecodeProviderInitiator        : HHH000021: Bytecode provider name : bytebuddy
2025-05-23T22:54:30.524+05:30  INFO 49642 --- [           main] o.s.o.j.p.SpringPersistenceUnitInfo      : No LoadTimeWeaver setup: ignoring JPA class transformer
2025-05-23T22:54:30.557+05:30  INFO 49642 --- [           main] com.zaxxer.hikari.HikariDataSource       : HikariPool-1 - Starting...
2025-05-23T22:54:33.682+05:30  INFO 49642 --- [           main] com.zaxxer.hikari.pool.HikariPool        : HikariPool-1 - Added connection org.postgresql.jdbc.PgConnection@68c34db2
2025-05-23T22:54:33.684+05:30  INFO 49642 --- [           main] com.zaxxer.hikari.HikariDataSource       : HikariPool-1 - Start completed.
2025-05-23T22:54:34.865+05:30  INFO 49642 --- [           main] o.h.b.i.BytecodeProviderInitiator        : HHH000021: Bytecode provider name : bytebuddy
2025-05-23T22:54:35.532+05:30  INFO 49642 --- [           main] o.h.e.t.j.p.i.JtaPlatformInitiator       : HHH000490: Using JtaPlatform implementation: [org.hibernate.engine.transaction.jta.platform.internal.NoJtaPlatform]
Hibernate: 
    drop table if exists employee cascade
Hibernate: 
    drop sequence if exists employee_seq
Hibernate: 
    create sequence employee_seq start with 1 increment by 50
Hibernate: 
    create table employee (
        employee_id integer not null,
        employee_address varchar(255),
        employee_contact_number varchar(255),
        employee_department varchar(255),
        employee_gender varchar(255),
        employee_name varchar(255),
        employee_skills varchar(255),
        primary key (employee_id)
    )
2025-05-23T22:54:36.712+05:30  INFO 49642 --- [           main] j.LocalContainerEntityManagerFactoryBean : Initialized JPA EntityManagerFactory for persistence unit 'default'
2025-05-23T22:54:37.379+05:30  WARN 49642 --- [           main] JpaBaseConfiguration$JpaWebConfiguration : spring.jpa.open-in-view is enabled by default. Therefore, database queries may be performed during view rendering. Explicitly configure spring.jpa.open-in-view to disable this warning
2025-05-23T22:54:38.346+05:30  INFO 49642 --- [           main] com.youtube.crud.CrudApplicationTests    : Started CrudApplicationTests in 11.595 seconds (process running for 13.377)
]]></system-out>
  </testcase>
</testsuite>